\BOOKMARK [-1][]{ctitle.-1}{\376\377\131\047\211\304\152\041\167\345\213\306\126\376\214\061\210\150\171\072\133\146\116\140}{}% 1
\BOOKMARK [0][]{thuchapter.1.0}{\376\377\144\130\000\040\211\201}{ctitle.-1}% 2
\BOOKMARK [0][]{thuchapter.2.0}{\376\377\000A\000b\000s\000t\000r\000a\000c\000t}{ctitle.-1}% 3
\BOOKMARK [0][]{thuchapter.3.0}{\376\377\166\356\000\040\137\125}{ctitle.-1}% 4
\BOOKMARK [0][]{thuchapter.4.0}{\376\377\116\073\211\201\173\046\123\367\133\371\161\147\210\150}{ctitle.-1}% 5
\BOOKMARK [0][]{chapter.1}{\376\377\173\054\0001\172\340\000\040\000\040\137\025\212\000}{ctitle.-1}% 6
\BOOKMARK [1][-]{section.1.1}{\376\377\0001\000.\0001\000\040\170\024\172\166\200\314\146\157}{chapter.1}% 7
\BOOKMARK [1][-]{section.1.2}{\376\377\0001\000.\0002\000\040\170\024\172\166\121\205\133\271}{chapter.1}% 8
\BOOKMARK [1][-]{section.1.3}{\376\377\0001\000.\0003\000\040\166\370\121\163\135\345\117\134}{chapter.1}% 9
\BOOKMARK [1][-]{section.1.4}{\376\377\0001\000.\0004\000\040\147\054\145\207\215\041\163\056}{chapter.1}% 10
\BOOKMARK [1][-]{section.1.5}{\376\377\0001\000.\0005\000\040\213\272\145\207\176\304\176\307}{chapter.1}% 11
\BOOKMARK [0][]{chapter.2}{\376\377\173\054\0002\172\340\000\040\000\040\127\372\116\216\136\166\210\114\166\204\131\047\211\304\152\041\167\345\213\306\126\376\214\061\210\150\171\072\133\146\116\140\150\106\147\266}{ctitle.-1}% 12
\BOOKMARK [1][-]{section.2.1}{\376\377\0002\000.\0001\000\040\173\200\116\313}{chapter.2}% 13
\BOOKMARK [1][-]{section.2.2}{\376\377\0002\000.\0002\000\040\173\227\154\325\150\106\147\266}{chapter.2}% 14
\BOOKMARK [2][-]{subsection.2.2.1}{\376\377\0002\000.\0002\000.\0001\000\040\173\046\123\367\117\123\174\373\124\214\221\315\211\201\151\202\137\365}{section.2.2}% 15
\BOOKMARK [2][-]{subsection.2.2.2}{\376\377\0002\000.\0002\000.\0002\000\040\167\345\213\306\126\376\214\061\210\150\171\072\133\146\116\140\152\041\127\213}{section.2.2}% 16
\BOOKMARK [2][-]{subsection.2.2.3}{\376\377\0002\000.\0002\000.\0003\000\040\136\166\210\114\176\323\147\204}{section.2.2}% 17
\BOOKMARK [2][-]{subsection.2.2.4}{\376\377\0002\000.\0002\000.\0004\000\040\127\372\116\216\117\115\171\373\166\204\215\037\117\213\221\307\150\067\173\227\154\325}{section.2.2}% 18
\BOOKMARK [1][-]{section.2.3}{\376\377\0002\000.\0003\000\040\133\236\232\214\213\276\213\241\116\016\176\323\147\234\122\006\147\220}{chapter.2}% 19
\BOOKMARK [2][-]{subsection.2.3.1}{\376\377\0002\000.\0003\000.\0001\000\040\133\236\232\214\145\160\143\156\226\306}{section.2.3}% 20
\BOOKMARK [2][-]{subsection.2.3.2}{\376\377\0002\000.\0003\000.\0002\000\040\133\236\232\214\116\016\152\041\127\213\123\302\145\160\213\276\177\156}{section.2.3}% 21
\BOOKMARK [2][-]{subsection.2.3.3}{\376\377\0002\000.\0003\000.\0003\000\040\133\236\232\214\213\304\117\060\145\271\137\017}{section.2.3}% 22
\BOOKMARK [2][-]{subsection.2.3.4}{\376\377\0002\000.\0003\000.\0004\000\040\133\236\232\214\176\323\147\234\116\016\122\006\147\220}{section.2.3}% 23
\BOOKMARK [1][-]{section.2.4}{\376\377\0002\000.\0004\000\040\147\054\172\340\134\017\176\323}{chapter.2}% 24
\BOOKMARK [0][]{chapter.3}{\376\377\173\054\0003\172\340\000\040\000\040\127\372\116\216\136\166\210\114\166\204\167\345\213\306\126\376\214\061\116\016\145\207\147\054\152\041\127\213\200\124\124\010\133\146\116\140\150\106\147\266}{ctitle.-1}% 25
\BOOKMARK [1][-]{section.3.1}{\376\377\0003\000.\0001\000\040\173\227\154\325\150\106\147\266}{chapter.3}% 26
\BOOKMARK [2][-]{subsection.3.1.1}{\376\377\0003\000.\0001\000.\0001\000\040\173\046\123\367\117\123\174\373\124\214\221\315\211\201\151\202\137\365}{section.3.1}% 27
\BOOKMARK [2][-]{subsection.3.1.2}{\376\377\0003\000.\0001\000.\0002\000\040\200\124\124\010\133\146\116\140\166\204\145\164\117\123\152\041\137\017}{section.3.1}% 28
\BOOKMARK [2][-]{subsection.3.1.3}{\376\377\0003\000.\0001\000.\0003\000\040\167\345\213\306\126\376\214\061\210\150\171\072\133\146\116\140\152\041\127\213}{section.3.1}% 29
\BOOKMARK [2][-]{subsection.3.1.4}{\376\377\0003\000.\0001\000.\0004\000\040\145\207\147\054\121\163\174\373\210\150\171\072\133\146\116\140\152\041\127\213}{section.3.1}% 30
\BOOKMARK [2][-]{subsection.3.1.5}{\376\377\0003\000.\0001\000.\0005\000\040\123\167\171\357\134\102}{section.3.1}% 31
\BOOKMARK [2][-]{subsection.3.1.6}{\376\377\0003\000.\0001\000.\0006\000\040\154\140\123\026\134\102}{section.3.1}% 32
\BOOKMARK [2][-]{subsection.3.1.7}{\376\377\0003\000.\0001\000.\0007\000\040\127\372\116\216\167\345\213\306\166\204\215\350\123\345\154\350\141\017\122\233\147\072\122\066}{section.3.1}% 33
\BOOKMARK [2][-]{subsection.3.1.8}{\376\377\0003\000.\0001\000.\0008\000\040\122\035\131\313\123\026\123\312\133\236\163\260\176\306\202\202}{section.3.1}% 34
\BOOKMARK [0][]{section*.18}{\376\377\143\322\126\376\175\042\137\025}{ctitle.-1}% 35
\BOOKMARK [0][]{section*.20}{\376\377\210\150\150\074\175\042\137\025}{ctitle.-1}% 36
\BOOKMARK [0][]{section*.22}{\376\377\121\154\137\017\175\042\137\025}{ctitle.-1}% 37
\BOOKMARK [0][]{section*.24}{\376\377\123\302\200\003\145\207\163\056}{ctitle.-1}% 38
\BOOKMARK [0][]{section*.26}{\376\377\201\364\000\040\214\042}{ctitle.-1}% 39
\BOOKMARK [0][]{section*.28}{\376\377\130\360\000\040\146\016}{ctitle.-1}% 40
